Using pre-set license
Built from '2020.3/staging' branch; Version is '2020.3.8f1 (507919d4fff5) revision 5273881'; Using compiler version '192528614'; Build Type 'Release'
OS: 'Windows 10 Pro; OS build 19041.1052; Version 2004; 64bit' Language: 'tr' Physical Memory: 16240 MB
BatchMode: 1, IsHumanControllingUs: 0, StartBugReporterOnCrash: 0, Is64bit: 1, IsPro: 0

 COMMAND LINE ARGUMENTS:
C:\Program Files\Unity\Hub\Editor\2020.3.8f1\Editor\Unity.exe
-adb2
-batchMode
-noUpm
-name
AssetImportWorker0
-projectPath
C:/Users/emirg/Desktop/Projects/last-version-/NewGameWithUnity
-logFile
Logs/AssetImportWorker0.log
-srvPort
51360
Successfully changed project path to: C:/Users/emirg/Desktop/Projects/last-version-/NewGameWithUnity
C:/Users/emirg/Desktop/Projects/last-version-/NewGameWithUnity
Using Asset Import Pipeline V2.
Refreshing native plugins compatible for Editor in 37.25 ms, found 1 plugins.
Preloading 0 native plugins for Editor in 0.00 ms.
Initialize engine version: 2020.3.8f1 (507919d4fff5)
[Subsystems] Discovering subsystems at path C:/Program Files/Unity/Hub/Editor/2020.3.8f1/Editor/Data/Resources/UnitySubsystems
[Subsystems] Discovering subsystems at path C:/Users/emirg/Desktop/Projects/last-version-/NewGameWithUnity/Assets
GfxDevice: creating device client; threaded=0
Direct3D:
    Version:  Direct3D 11.0 [level 11.1]
    Renderer: NVIDIA GeForce GTX 1660 Ti (ID=0x2191)
    Vendor:   
    VRAM:     5991 MB
    Driver:   27.21.14.6156
Initialize mono
Mono path[0] = 'C:/Program Files/Unity/Hub/Editor/2020.3.8f1/Editor/Data/Managed'
Mono path[1] = 'C:/Program Files/Unity/Hub/Editor/2020.3.8f1/Editor/Data/MonoBleedingEdge/lib/mono/unityjit'
Mono config path = 'C:/Program Files/Unity/Hub/Editor/2020.3.8f1/Editor/Data/MonoBleedingEdge/etc'
Using monoOptions --debugger-agent=transport=dt_socket,embedding=1,server=y,suspend=n,address=127.0.0.1:56260
Begin MonoManager ReloadAssembly
Registering precompiled unity dll's ...
Register platform support module: C:/Program Files/Unity/Hub/Editor/2020.3.8f1/Editor/Data/PlaybackEngines/WindowsStandaloneSupport/UnityEditor.WindowsStandalone.Extensions.dll
Registered in 0.001768 seconds.
Native extension for WindowsStandalone target not found
Refreshing native plugins compatible for Editor in 37.46 ms, found 1 plugins.
Preloading 0 native plugins for Editor in 0.00 ms.
Mono: successfully reloaded assembly
- Completed reload, in  2.045 seconds
Platform modules already initialized, skipping
Registering precompiled user dll's ...
Registered in 0.000823 seconds.
Begin MonoManager ReloadAssembly
Native extension for WindowsStandalone target not found
Refreshing native plugins compatible for Editor in 35.44 ms, found 1 plugins.
Preloading 0 native plugins for Editor in 0.00 ms.
Mono: successfully reloaded assembly
- Completed reload, in  0.946 seconds
Platform modules already initialized, skipping
========================================================================
Worker process is ready to serve import requests
Launched and connected shader compiler UnityShaderCompiler.exe after 0.04 seconds
Refreshing native plugins compatible for Editor in 0.37 ms, found 1 plugins.
Preloading 0 native plugins for Editor in 0.00 ms.
Unloading 1836 Unused Serialized files (Serialized files now loaded: 0)
System memory in use before: 85.6 MB.
System memory in use after: 85.7 MB.

Unloading 19 unused Assets to reduce memory usage. Loaded Objects now: 2285.
Total: 1.908200 ms (FindLiveObjects: 0.157900 ms CreateObjectMapping: 0.050100 ms MarkObjects: 1.644900 ms  DeleteObjects: 0.054500 ms)

========================================================================
Received Import Request.
  path: Assets/Platform_02 (21) Variant.prefab
  artifactKey: Guid(ca4db043bc5cb3f46b74b502385e2f90) Importer(815301076,1909f56bfc062723c751e8b465ee728b)
Start importing Assets/Platform_02 (21) Variant.prefab using Guid(ca4db043bc5cb3f46b74b502385e2f90) Importer(815301076,1909f56bfc062723c751e8b465ee728b)  -> (artifact id: 'bbfbffc555d78a06062271346f8ba280') in 0.129284 seconds
  Import took 0.131793 seconds .

========================================================================
Received Import Request.
  Time since last request: 0.000316 seconds.
  path: Assets/ewfewfregegergergre.prefab
  artifactKey: Guid(9d63caf9cae236d48ab396198219ea2f) Importer(815301076,1909f56bfc062723c751e8b465ee728b)
Start importing Assets/ewfewfregegergergre.prefab using Guid(9d63caf9cae236d48ab396198219ea2f) Importer(815301076,1909f56bfc062723c751e8b465ee728b)  -> (artifact id: '909b14e8f09761d8dc8fb512c7253adb') in 0.017743 seconds
  Import took 0.020519 seconds .

========================================================================
Received Import Request.
  Time since last request: 0.000298 seconds.
  path: Assets/Platform_02.prefab
  artifactKey: Guid(8b3269a5d5b11b74792bf5129f9cddae) Importer(815301076,1909f56bfc062723c751e8b465ee728b)
Start importing Assets/Platform_02.prefab using Guid(8b3269a5d5b11b74792bf5129f9cddae) Importer(815301076,1909f56bfc062723c751e8b465ee728b)  -> (artifact id: '980fe802c2261f6182d54dc748899d6b') in 0.014112 seconds
  Import took 0.016969 seconds .

========================================================================
Received Import Request.
  Time since last request: 0.000188 seconds.
  path: Assets/Platform_02 (20) Variant.prefab
  artifactKey: Guid(5aa1bec84e5d24645843e7510778ed64) Importer(815301076,1909f56bfc062723c751e8b465ee728b)
Start importing Assets/Platform_02 (20) Variant.prefab using Guid(5aa1bec84e5d24645843e7510778ed64) Importer(815301076,1909f56bfc062723c751e8b465ee728b)  -> (artifact id: 'c52c4c10116726ecfe85458d7503dbc1') in 0.013449 seconds
  Import took 0.016027 seconds .

========================================================================
Received Import Request.
  Time since last request: 0.000273 seconds.
  path: Assets/Platform_02 (11) Variant.prefab
  artifactKey: Guid(2e1f51395a803d94b98f10c2fc426687) Importer(815301076,1909f56bfc062723c751e8b465ee728b)
Start importing Assets/Platform_02 (11) Variant.prefab using Guid(2e1f51395a803d94b98f10c2fc426687) Importer(815301076,1909f56bfc062723c751e8b465ee728b)  -> (artifact id: '325d3063ca05abdafa80e0bfb69e56a5') in 0.019666 seconds
  Import took 0.022286 seconds .

========================================================================
Received Import Request.
  Time since last request: 0.000281 seconds.
  path: Assets/Platform_02 (12).prefab
  artifactKey: Guid(3d9dd1aed57da9540950d086f29818fa) Importer(815301076,1909f56bfc062723c751e8b465ee728b)
Start importing Assets/Platform_02 (12).prefab using Guid(3d9dd1aed57da9540950d086f29818fa) Importer(815301076,1909f56bfc062723c751e8b465ee728b)  -> (artifact id: '826145a98c3ffdb2af83555ce609bd46') in 0.014187 seconds
  Import took 0.017303 seconds .

========================================================================
Received Import Request.
  Time since last request: 0.000291 seconds.
  path: Assets/Platform_02 (11) Variant 1.prefab
  artifactKey: Guid(0bd68d343e1d5ae49b981ab13011d48b) Importer(815301076,1909f56bfc062723c751e8b465ee728b)
Start importing Assets/Platform_02 (11) Variant 1.prefab using Guid(0bd68d343e1d5ae49b981ab13011d48b) Importer(815301076,1909f56bfc062723c751e8b465ee728b)  -> (artifact id: '1e42d889cd54a70a1b2f2cddd3fb54de') in 0.013417 seconds
  Import took 0.015919 seconds .

========================================================================
Received Import Request.
  Time since last request: 0.000279 seconds.
  path: Assets/InputSystem.inputsettings.asset
  artifactKey: Guid(e07e4f983e9105c47a3d44cf96d6e404) Importer(815301076,1909f56bfc062723c751e8b465ee728b)
Start importing Assets/InputSystem.inputsettings.asset using Guid(e07e4f983e9105c47a3d44cf96d6e404) Importer(815301076,1909f56bfc062723c751e8b465ee728b)  -> (artifact id: 'f779e9af6b03d4e9a554da23ba7b031a') in 0.008058 seconds
  Import took 0.010716 seconds .

========================================================================
Received Import Request.
  Time since last request: 0.000262 seconds.
  path: Assets/AstroStay.prefab
  artifactKey: Guid(aa68dfa4521e0a74a93b35882743fb5b) Importer(815301076,1909f56bfc062723c751e8b465ee728b)
Start importing Assets/AstroStay.prefab using Guid(aa68dfa4521e0a74a93b35882743fb5b) Importer(815301076,1909f56bfc062723c751e8b465ee728b)  -> (artifact id: '2b704ef79373858e8f684c5cb52a346e') in 0.013903 seconds
  Import took 0.016587 seconds .

========================================================================
Received Import Request.
  Time since last request: 0.000280 seconds.
  path: Assets/Platform_02 (11) Variant Variant (Missing Prefab).prefab
  artifactKey: Guid(567ac4243b2d2704294765af92de09d1) Importer(815301076,1909f56bfc062723c751e8b465ee728b)
Start importing Assets/Platform_02 (11) Variant Variant (Missing Prefab).prefab using Guid(567ac4243b2d2704294765af92de09d1) Importer(815301076,1909f56bfc062723c751e8b465ee728b)  -> (artifact id: 'ba3271347a729e56ff59f9b9c1c18d65') in 0.006779 seconds
  Import took 0.009155 seconds .

========================================================================
Received Import Request.
  Time since last request: 0.000301 seconds.
  path: Assets/Platform_02 (11) Variant 1 1.prefab
  artifactKey: Guid(e91ae7ea66f66394ab578dafeea261d2) Importer(815301076,1909f56bfc062723c751e8b465ee728b)
Start importing Assets/Platform_02 (11) Variant 1 1.prefab using Guid(e91ae7ea66f66394ab578dafeea261d2) Importer(815301076,1909f56bfc062723c751e8b465ee728b)  -> (artifact id: '324396fdcc8da3a94f369bc8a6946f22') in 0.016158 seconds
  Import took 0.019020 seconds .

========================================================================
Received Import Request.
  Time since last request: 0.000381 seconds.
  path: Assets/InputSystem.inputsettings.asset
  artifactKey: Guid(e07e4f983e9105c47a3d44cf96d6e404) Importer(815301076,1909f56bfc062723c751e8b465ee728b)
Start importing Assets/InputSystem.inputsettings.asset using Guid(e07e4f983e9105c47a3d44cf96d6e404) Importer(815301076,1909f56bfc062723c751e8b465ee728b)  -> (artifact id: 'f779e9af6b03d4e9a554da23ba7b031a') in 0.002747 seconds
  Import took 0.005279 seconds .

========================================================================
Received Import Request.
  Time since last request: 0.029362 seconds.
  path: Assets/Platform_02 (11) Variant 1 1.prefab
  artifactKey: Guid(e91ae7ea66f66394ab578dafeea261d2) Importer(815301076,1909f56bfc062723c751e8b465ee728b)
Start importing Assets/Platform_02 (11) Variant 1 1.prefab using Guid(e91ae7ea66f66394ab578dafeea261d2) Importer(815301076,1909f56bfc062723c751e8b465ee728b)  -> (artifact id: '324396fdcc8da3a94f369bc8a6946f22') in 0.011171 seconds
  Import took 0.013940 seconds .

========================================================================
Received Prepare
Registering precompiled user dll's ...
Registered in 0.000863 seconds.
Begin MonoManager ReloadAssembly
Native extension for WindowsStandalone target not found
Refreshing native plugins compatible for Editor in 0.33 ms, found 1 plugins.
Preloading 0 native plugins for Editor in 0.00 ms.
Mono: successfully reloaded assembly
- Completed reload, in  0.836 seconds
Platform modules already initialized, skipping
Refreshing native plugins compatible for Editor in 0.38 ms, found 1 plugins.
Preloading 0 native plugins for Editor in 0.00 ms.
Unloading 1826 Unused Serialized files (Serialized files now loaded: 0)
System memory in use before: 88.2 MB.
System memory in use after: 88.3 MB.

Unloading 7 unused Assets to reduce memory usage. Loaded Objects now: 2296.
Total: 2.073300 ms (FindLiveObjects: 0.156000 ms CreateObjectMapping: 0.049500 ms MarkObjects: 1.852200 ms  DeleteObjects: 0.014800 ms)

========================================================================
Received Prepare
Registering precompiled user dll's ...
Registered in 0.000916 seconds.
Begin MonoManager ReloadAssembly
Native extension for WindowsStandalone target not found
Refreshing native plugins compatible for Editor in 0.33 ms, found 1 plugins.
Preloading 0 native plugins for Editor in 0.00 ms.
Mono: successfully reloaded assembly
- Completed reload, in  0.872 seconds
Platform modules already initialized, skipping
Refreshing native plugins compatible for Editor in 0.37 ms, found 1 plugins.
Preloading 0 native plugins for Editor in 0.00 ms.
Unloading 1826 Unused Serialized files (Serialized files now loaded: 0)
System memory in use before: 88.3 MB.
System memory in use after: 88.4 MB.

Unloading 7 unused Assets to reduce memory usage. Loaded Objects now: 2300.
Total: 1.811500 ms (FindLiveObjects: 0.144000 ms CreateObjectMapping: 0.050200 ms MarkObjects: 1.601200 ms  DeleteObjects: 0.015400 ms)

AssetImportWorkerClient::OnTransportError - code=2 error=End of file
