Using pre-set license
Built from '2020.3/staging' branch; Version is '2020.3.8f1 (507919d4fff5) revision 5273881'; Using compiler version '192528614'; Build Type 'Release'
OS: 'Windows 10 Pro; OS build 19041.1052; Version 2004; 64bit' Language: 'tr' Physical Memory: 16240 MB
BatchMode: 1, IsHumanControllingUs: 0, StartBugReporterOnCrash: 0, Is64bit: 1, IsPro: 0

 COMMAND LINE ARGUMENTS:
C:\Program Files\Unity\Hub\Editor\2020.3.8f1\Editor\Unity.exe
-adb2
-batchMode
-noUpm
-name
AssetImportWorker0
-projectPath
C:/Users/emirg/Desktop/Projects/last-version-/NewGameWithUnity
-logFile
Logs/AssetImportWorker0.log
-srvPort
55075
Successfully changed project path to: C:/Users/emirg/Desktop/Projects/last-version-/NewGameWithUnity
C:/Users/emirg/Desktop/Projects/last-version-/NewGameWithUnity
Using Asset Import Pipeline V2.
Refreshing native plugins compatible for Editor in 42.07 ms, found 1 plugins.
Preloading 0 native plugins for Editor in 0.00 ms.
Initialize engine version: 2020.3.8f1 (507919d4fff5)
[Subsystems] Discovering subsystems at path C:/Program Files/Unity/Hub/Editor/2020.3.8f1/Editor/Data/Resources/UnitySubsystems
[Subsystems] Discovering subsystems at path C:/Users/emirg/Desktop/Projects/last-version-/NewGameWithUnity/Assets
GfxDevice: creating device client; threaded=0
Direct3D:
    Version:  Direct3D 11.0 [level 11.1]
    Renderer: NVIDIA GeForce GTX 1660 Ti (ID=0x2191)
    Vendor:   
    VRAM:     5991 MB
    Driver:   27.21.14.6156
Initialize mono
Mono path[0] = 'C:/Program Files/Unity/Hub/Editor/2020.3.8f1/Editor/Data/Managed'
Mono path[1] = 'C:/Program Files/Unity/Hub/Editor/2020.3.8f1/Editor/Data/MonoBleedingEdge/lib/mono/unityjit'
Mono config path = 'C:/Program Files/Unity/Hub/Editor/2020.3.8f1/Editor/Data/MonoBleedingEdge/etc'
Using monoOptions --debugger-agent=transport=dt_socket,embedding=1,server=y,suspend=n,address=127.0.0.1:56056
Begin MonoManager ReloadAssembly
Registering precompiled unity dll's ...
Register platform support module: C:/Program Files/Unity/Hub/Editor/2020.3.8f1/Editor/Data/PlaybackEngines/WindowsStandaloneSupport/UnityEditor.WindowsStandalone.Extensions.dll
Registered in 0.001759 seconds.
Native extension for WindowsStandalone target not found
Refreshing native plugins compatible for Editor in 52.60 ms, found 1 plugins.
Preloading 0 native plugins for Editor in 0.00 ms.
Mono: successfully reloaded assembly
- Completed reload, in  2.384 seconds
Platform modules already initialized, skipping
Registering precompiled user dll's ...
Registered in 0.001060 seconds.
Begin MonoManager ReloadAssembly
Native extension for WindowsStandalone target not found
Refreshing native plugins compatible for Editor in 46.69 ms, found 1 plugins.
Preloading 0 native plugins for Editor in 0.00 ms.
Mono: successfully reloaded assembly
- Completed reload, in  1.185 seconds
Platform modules already initialized, skipping
========================================================================
Worker process is ready to serve import requests
Launched and connected shader compiler UnityShaderCompiler.exe after 0.06 seconds
Refreshing native plugins compatible for Editor in 0.71 ms, found 1 plugins.
Preloading 0 native plugins for Editor in 0.00 ms.
Unloading 1836 Unused Serialized files (Serialized files now loaded: 0)
System memory in use before: 85.6 MB.
System memory in use after: 85.7 MB.

Unloading 19 unused Assets to reduce memory usage. Loaded Objects now: 2285.
Total: 3.205200 ms (FindLiveObjects: 0.187400 ms CreateObjectMapping: 0.064700 ms MarkObjects: 2.697600 ms  DeleteObjects: 0.254400 ms)

========================================================================
Received Import Request.
  path: Assets/Platform_02 (21) Variant.prefab
  artifactKey: Guid(ca4db043bc5cb3f46b74b502385e2f90) Importer(815301076,1909f56bfc062723c751e8b465ee728b)
Start importing Assets/Platform_02 (21) Variant.prefab using Guid(ca4db043bc5cb3f46b74b502385e2f90) Importer(815301076,1909f56bfc062723c751e8b465ee728b)  -> (artifact id: 'bbfbffc555d78a06062271346f8ba280') in 0.184332 seconds
  Import took 0.188694 seconds .

========================================================================
Received Import Request.
  Time since last request: 0.000420 seconds.
  path: Assets/ewfewfregegergergre.prefab
  artifactKey: Guid(9d63caf9cae236d48ab396198219ea2f) Importer(815301076,1909f56bfc062723c751e8b465ee728b)
Start importing Assets/ewfewfregegergergre.prefab using Guid(9d63caf9cae236d48ab396198219ea2f) Importer(815301076,1909f56bfc062723c751e8b465ee728b)  -> (artifact id: '909b14e8f09761d8dc8fb512c7253adb') in 0.040022 seconds
  Import took 0.044474 seconds .

========================================================================
Received Import Request.
  Time since last request: 0.000260 seconds.
  path: Assets/Platform_02.prefab
  artifactKey: Guid(8b3269a5d5b11b74792bf5129f9cddae) Importer(815301076,1909f56bfc062723c751e8b465ee728b)
Start importing Assets/Platform_02.prefab using Guid(8b3269a5d5b11b74792bf5129f9cddae) Importer(815301076,1909f56bfc062723c751e8b465ee728b)  -> (artifact id: '980fe802c2261f6182d54dc748899d6b') in 0.037393 seconds
  Import took 0.043032 seconds .

========================================================================
Received Import Request.
  Time since last request: 0.000430 seconds.
  path: Assets/Platform_02 (20) Variant.prefab
  artifactKey: Guid(5aa1bec84e5d24645843e7510778ed64) Importer(815301076,1909f56bfc062723c751e8b465ee728b)
Start importing Assets/Platform_02 (20) Variant.prefab using Guid(5aa1bec84e5d24645843e7510778ed64) Importer(815301076,1909f56bfc062723c751e8b465ee728b)  -> (artifact id: 'c52c4c10116726ecfe85458d7503dbc1') in 0.023738 seconds
  Import took 0.029208 seconds .

========================================================================
Received Import Request.
  Time since last request: 0.000274 seconds.
  path: Assets/Platform_02 (11) Variant.prefab
  artifactKey: Guid(2e1f51395a803d94b98f10c2fc426687) Importer(815301076,1909f56bfc062723c751e8b465ee728b)
Start importing Assets/Platform_02 (11) Variant.prefab using Guid(2e1f51395a803d94b98f10c2fc426687) Importer(815301076,1909f56bfc062723c751e8b465ee728b)  -> (artifact id: '325d3063ca05abdafa80e0bfb69e56a5') in 0.036104 seconds
  Import took 0.039423 seconds .

========================================================================
Received Import Request.
  Time since last request: 0.000171 seconds.
  path: Assets/Platform_02 (12).prefab
  artifactKey: Guid(3d9dd1aed57da9540950d086f29818fa) Importer(815301076,1909f56bfc062723c751e8b465ee728b)
Start importing Assets/Platform_02 (12).prefab using Guid(3d9dd1aed57da9540950d086f29818fa) Importer(815301076,1909f56bfc062723c751e8b465ee728b)  -> (artifact id: '826145a98c3ffdb2af83555ce609bd46') in 0.028061 seconds
  Import took 0.032018 seconds .

========================================================================
Received Import Request.
  Time since last request: 0.000220 seconds.
  path: Assets/Platform_02 (11) Variant 1.prefab
  artifactKey: Guid(0bd68d343e1d5ae49b981ab13011d48b) Importer(815301076,1909f56bfc062723c751e8b465ee728b)
Start importing Assets/Platform_02 (11) Variant 1.prefab using Guid(0bd68d343e1d5ae49b981ab13011d48b) Importer(815301076,1909f56bfc062723c751e8b465ee728b)  -> (artifact id: '1e42d889cd54a70a1b2f2cddd3fb54de') in 0.029936 seconds
  Import took 0.033511 seconds .

========================================================================
Received Import Request.
  Time since last request: 0.000213 seconds.
  path: Assets/InputSystem.inputsettings.asset
  artifactKey: Guid(e07e4f983e9105c47a3d44cf96d6e404) Importer(815301076,1909f56bfc062723c751e8b465ee728b)
Start importing Assets/InputSystem.inputsettings.asset using Guid(e07e4f983e9105c47a3d44cf96d6e404) Importer(815301076,1909f56bfc062723c751e8b465ee728b)  -> (artifact id: 'f779e9af6b03d4e9a554da23ba7b031a') in 0.010451 seconds
  Import took 0.013494 seconds .

========================================================================
Received Import Request.
  Time since last request: 0.000187 seconds.
  path: Assets/AstroStay.prefab
  artifactKey: Guid(aa68dfa4521e0a74a93b35882743fb5b) Importer(815301076,1909f56bfc062723c751e8b465ee728b)
Start importing Assets/AstroStay.prefab using Guid(aa68dfa4521e0a74a93b35882743fb5b) Importer(815301076,1909f56bfc062723c751e8b465ee728b)  -> (artifact id: '2b704ef79373858e8f684c5cb52a346e') in 0.014650 seconds
  Import took 0.017524 seconds .

========================================================================
Received Import Request.
  Time since last request: 0.000167 seconds.
  path: Assets/Platform_02 (11) Variant Variant (Missing Prefab).prefab
  artifactKey: Guid(567ac4243b2d2704294765af92de09d1) Importer(815301076,1909f56bfc062723c751e8b465ee728b)
Start importing Assets/Platform_02 (11) Variant Variant (Missing Prefab).prefab using Guid(567ac4243b2d2704294765af92de09d1) Importer(815301076,1909f56bfc062723c751e8b465ee728b)  -> (artifact id: 'ba3271347a729e56ff59f9b9c1c18d65') in 0.009609 seconds
  Import took 0.012527 seconds .

========================================================================
Received Import Request.
  Time since last request: 0.000262 seconds.
  path: Assets/Platform_02 (11) Variant 1 1.prefab
  artifactKey: Guid(e91ae7ea66f66394ab578dafeea261d2) Importer(815301076,1909f56bfc062723c751e8b465ee728b)
Start importing Assets/Platform_02 (11) Variant 1 1.prefab using Guid(e91ae7ea66f66394ab578dafeea261d2) Importer(815301076,1909f56bfc062723c751e8b465ee728b)  -> (artifact id: '324396fdcc8da3a94f369bc8a6946f22') in 0.017459 seconds
  Import took 0.020484 seconds .

========================================================================
Received Import Request.
  Time since last request: 0.005941 seconds.
  path: Assets/Platform_02 (11) Variant 1 1.prefab
  artifactKey: Guid(e91ae7ea66f66394ab578dafeea261d2) Importer(815301076,1909f56bfc062723c751e8b465ee728b)
Start importing Assets/Platform_02 (11) Variant 1 1.prefab using Guid(e91ae7ea66f66394ab578dafeea261d2) Importer(815301076,1909f56bfc062723c751e8b465ee728b)  -> (artifact id: '324396fdcc8da3a94f369bc8a6946f22') in 0.018150 seconds
  Import took 0.022190 seconds .

========================================================================
Received Prepare
Registering precompiled user dll's ...
Registered in 0.000808 seconds.
Begin MonoManager ReloadAssembly
Native extension for WindowsStandalone target not found
Refreshing native plugins compatible for Editor in 0.35 ms, found 1 plugins.
Preloading 0 native plugins for Editor in 0.00 ms.
Mono: successfully reloaded assembly
- Completed reload, in  0.852 seconds
Platform modules already initialized, skipping
Refreshing native plugins compatible for Editor in 0.36 ms, found 1 plugins.
Preloading 0 native plugins for Editor in 0.00 ms.
Unloading 1826 Unused Serialized files (Serialized files now loaded: 0)
System memory in use before: 88.2 MB.
System memory in use after: 88.3 MB.

Unloading 7 unused Assets to reduce memory usage. Loaded Objects now: 2296.
Total: 2.080000 ms (FindLiveObjects: 0.187900 ms CreateObjectMapping: 0.064200 ms MarkObjects: 1.812500 ms  DeleteObjects: 0.014400 ms)

========================================================================
Received Prepare
Registering precompiled user dll's ...
Registered in 0.000835 seconds.
Begin MonoManager ReloadAssembly
Native extension for WindowsStandalone target not found
Refreshing native plugins compatible for Editor in 0.36 ms, found 1 plugins.
Preloading 0 native plugins for Editor in 0.00 ms.
Mono: successfully reloaded assembly
- Completed reload, in  0.847 seconds
Platform modules already initialized, skipping
Refreshing native plugins compatible for Editor in 0.33 ms, found 1 plugins.
Preloading 0 native plugins for Editor in 0.00 ms.
Unloading 1826 Unused Serialized files (Serialized files now loaded: 0)
System memory in use before: 88.3 MB.
System memory in use after: 88.4 MB.

Unloading 7 unused Assets to reduce memory usage. Loaded Objects now: 2300.
Total: 1.887600 ms (FindLiveObjects: 0.146300 ms CreateObjectMapping: 0.053700 ms MarkObjects: 1.672300 ms  DeleteObjects: 0.014500 ms)

========================================================================
Received Prepare
Registering precompiled user dll's ...
Registered in 0.000907 seconds.
Begin MonoManager ReloadAssembly
Native extension for WindowsStandalone target not found
Refreshing native plugins compatible for Editor in 0.34 ms, found 1 plugins.
Preloading 0 native plugins for Editor in 0.00 ms.
Mono: successfully reloaded assembly
- Completed reload, in  0.882 seconds
Platform modules already initialized, skipping
Refreshing native plugins compatible for Editor in 0.35 ms, found 1 plugins.
Preloading 0 native plugins for Editor in 0.00 ms.
Unloading 1826 Unused Serialized files (Serialized files now loaded: 0)
System memory in use before: 88.3 MB.
System memory in use after: 88.4 MB.

Unloading 7 unused Assets to reduce memory usage. Loaded Objects now: 2304.
Total: 1.844800 ms (FindLiveObjects: 0.130800 ms CreateObjectMapping: 0.047300 ms MarkObjects: 1.650800 ms  DeleteObjects: 0.015400 ms)

========================================================================
Received Import Request.
  Time since last request: 249.130250 seconds.
  path: Assets/scripts/Spawner.cs
  artifactKey: Guid(b1cb250bd45f6934280f7fac07664a88) Importer(815301076,1909f56bfc062723c751e8b465ee728b)
Start importing Assets/scripts/Spawner.cs using Guid(b1cb250bd45f6934280f7fac07664a88) Importer(815301076,1909f56bfc062723c751e8b465ee728b)  -> (artifact id: '63697268adf82b9014b5626283dc35da') in 0.015845 seconds
  Import took 0.018859 seconds .

========================================================================
Received Import Request.
  Time since last request: 0.019877 seconds.
  path: Assets/scripts/Spawner.cs
  artifactKey: Guid(b1cb250bd45f6934280f7fac07664a88) Importer(815301076,1909f56bfc062723c751e8b465ee728b)
Start importing Assets/scripts/Spawner.cs using Guid(b1cb250bd45f6934280f7fac07664a88) Importer(815301076,1909f56bfc062723c751e8b465ee728b)  -> (artifact id: '63697268adf82b9014b5626283dc35da') in 0.002638 seconds
  Import took 0.005250 seconds .

========================================================================
Received Prepare
Registering precompiled user dll's ...
Registered in 0.000917 seconds.
Begin MonoManager ReloadAssembly
Native extension for WindowsStandalone target not found
Refreshing native plugins compatible for Editor in 0.68 ms, found 1 plugins.
Preloading 0 native plugins for Editor in 0.00 ms.
Mono: successfully reloaded assembly
- Completed reload, in  1.003 seconds
Platform modules already initialized, skipping
Refreshing native plugins compatible for Editor in 0.38 ms, found 1 plugins.
Preloading 0 native plugins for Editor in 0.00 ms.
Unloading 1826 Unused Serialized files (Serialized files now loaded: 0)
System memory in use before: 88.3 MB.
System memory in use after: 88.4 MB.

Unloading 7 unused Assets to reduce memory usage. Loaded Objects now: 2308.
Total: 1.964300 ms (FindLiveObjects: 0.166100 ms CreateObjectMapping: 0.054100 ms MarkObjects: 1.725900 ms  DeleteObjects: 0.017500 ms)

========================================================================
Received Prepare
Registering precompiled user dll's ...
Registered in 0.001279 seconds.
Begin MonoManager ReloadAssembly
Native extension for WindowsStandalone target not found
Refreshing native plugins compatible for Editor in 0.41 ms, found 1 plugins.
Preloading 0 native plugins for Editor in 0.00 ms.
Mono: successfully reloaded assembly
- Completed reload, in  1.083 seconds
Platform modules already initialized, skipping
Refreshing native plugins compatible for Editor in 0.40 ms, found 1 plugins.
Preloading 0 native plugins for Editor in 0.00 ms.
Unloading 1826 Unused Serialized files (Serialized files now loaded: 0)
System memory in use before: 88.3 MB.
System memory in use after: 88.4 MB.

Unloading 7 unused Assets to reduce memory usage. Loaded Objects now: 2312.
Total: 2.135800 ms (FindLiveObjects: 0.178200 ms CreateObjectMapping: 0.052700 ms MarkObjects: 1.888400 ms  DeleteObjects: 0.015800 ms)

========================================================================
Received Prepare
Registering precompiled user dll's ...
Registered in 0.000944 seconds.
Begin MonoManager ReloadAssembly
Native extension for WindowsStandalone target not found
Refreshing native plugins compatible for Editor in 0.61 ms, found 1 plugins.
Preloading 0 native plugins for Editor in 0.00 ms.
Mono: successfully reloaded assembly
- Completed reload, in  0.968 seconds
Platform modules already initialized, skipping
Refreshing native plugins compatible for Editor in 0.41 ms, found 1 plugins.
Preloading 0 native plugins for Editor in 0.00 ms.
Unloading 1826 Unused Serialized files (Serialized files now loaded: 0)
System memory in use before: 88.3 MB.
System memory in use after: 88.4 MB.

Unloading 7 unused Assets to reduce memory usage. Loaded Objects now: 2316.
Total: 1.620100 ms (FindLiveObjects: 0.143900 ms CreateObjectMapping: 0.051900 ms MarkObjects: 1.412000 ms  DeleteObjects: 0.011700 ms)

========================================================================
Received Prepare
Registering precompiled user dll's ...
Registered in 0.000928 seconds.
Begin MonoManager ReloadAssembly
Native extension for WindowsStandalone target not found
Refreshing native plugins compatible for Editor in 0.50 ms, found 1 plugins.
Preloading 0 native plugins for Editor in 0.00 ms.
Mono: successfully reloaded assembly
- Completed reload, in  1.001 seconds
Platform modules already initialized, skipping
Refreshing native plugins compatible for Editor in 0.35 ms, found 1 plugins.
Preloading 0 native plugins for Editor in 0.00 ms.
Unloading 1826 Unused Serialized files (Serialized files now loaded: 0)
System memory in use before: 88.3 MB.
System memory in use after: 88.4 MB.

Unloading 7 unused Assets to reduce memory usage. Loaded Objects now: 2320.
Total: 1.632800 ms (FindLiveObjects: 0.143100 ms CreateObjectMapping: 0.051600 ms MarkObjects: 1.422200 ms  DeleteObjects: 0.015300 ms)

========================================================================
Received Prepare
Registering precompiled user dll's ...
Registered in 0.000898 seconds.
Begin MonoManager ReloadAssembly
Native extension for WindowsStandalone target not found
Refreshing native plugins compatible for Editor in 0.36 ms, found 1 plugins.
Preloading 0 native plugins for Editor in 0.00 ms.
Mono: successfully reloaded assembly
- Completed reload, in  1.023 seconds
Platform modules already initialized, skipping
Refreshing native plugins compatible for Editor in 0.36 ms, found 1 plugins.
Preloading 0 native plugins for Editor in 0.00 ms.
Unloading 1826 Unused Serialized files (Serialized files now loaded: 0)
System memory in use before: 88.3 MB.
System memory in use after: 88.5 MB.

Unloading 7 unused Assets to reduce memory usage. Loaded Objects now: 2324.
Total: 2.449900 ms (FindLiveObjects: 0.153300 ms CreateObjectMapping: 0.054800 ms MarkObjects: 2.213800 ms  DeleteObjects: 0.027300 ms)

========================================================================
Received Prepare
Registering precompiled user dll's ...
Registered in 0.000857 seconds.
Begin MonoManager ReloadAssembly
Native extension for WindowsStandalone target not found
Refreshing native plugins compatible for Editor in 0.34 ms, found 1 plugins.
Preloading 0 native plugins for Editor in 0.00 ms.
Mono: successfully reloaded assembly
- Completed reload, in  0.979 seconds
Platform modules already initialized, skipping
Refreshing native plugins compatible for Editor in 0.39 ms, found 1 plugins.
Preloading 0 native plugins for Editor in 0.00 ms.
Unloading 1826 Unused Serialized files (Serialized files now loaded: 0)
System memory in use before: 88.3 MB.
System memory in use after: 88.5 MB.

Unloading 7 unused Assets to reduce memory usage. Loaded Objects now: 2328.
Total: 1.746900 ms (FindLiveObjects: 0.138000 ms CreateObjectMapping: 0.050900 ms MarkObjects: 1.545700 ms  DeleteObjects: 0.011600 ms)

========================================================================
Received Prepare
Registering precompiled user dll's ...
Registered in 0.000966 seconds.
Begin MonoManager ReloadAssembly
Native extension for WindowsStandalone target not found
Refreshing native plugins compatible for Editor in 0.41 ms, found 1 plugins.
Preloading 0 native plugins for Editor in 0.00 ms.
Mono: successfully reloaded assembly
- Completed reload, in  1.050 seconds
Platform modules already initialized, skipping
Refreshing native plugins compatible for Editor in 0.41 ms, found 1 plugins.
Preloading 0 native plugins for Editor in 0.00 ms.
Unloading 1826 Unused Serialized files (Serialized files now loaded: 0)
System memory in use before: 88.4 MB.
System memory in use after: 88.5 MB.

Unloading 7 unused Assets to reduce memory usage. Loaded Objects now: 2332.
Total: 2.527000 ms (FindLiveObjects: 0.258100 ms CreateObjectMapping: 0.098500 ms MarkObjects: 2.141600 ms  DeleteObjects: 0.027700 ms)

